# JRE version: OpenJDK Runtime Environment (8.0_202-b03) (build 1.8.0_202-release-1483-b03)
# Java VM: OpenJDK 64-Bit Server VM (25.202-b03 mixed mode windows-amd64 compressed oops)
Heap:
 PSYoungGen      total 206848K, used 41568K [0x00000000e0000000, 0x00000000eda80000, 0x0000000100000000)
  eden space 190464K, 13% used [0x00000000e0000000,0x00000000e189a530,0x00000000eba00000)
  from space 16384K, 99% used [0x00000000eba00000,0x00000000ec9fdd48,0x00000000eca00000)
  to   space 15360K, 0% used [0x00000000eca00000,0x00000000eca00000,0x00000000ed900000)
 ParOldGen       total 110080K, used 37022K [0x00000000a0000000, 0x00000000a6b80000, 0x00000000e0000000)
  object space 110080K, 33% used [0x00000000a0000000,0x00000000a2427b50,0x00000000a6b80000)
 Metaspace       used 62025K, capacity 64288K, committed 64408K, reserved 1105920K
  class space    used 8391K, capacity 8871K, committed 8872K, reserved 1048576K
GC Heap History (10 events):
Event: 4.403 GC heap before
{Heap before GC invocations=12 (full 2):
 PSYoungGen      total 155136K, used 5686K [0x00000000e0000000, 0x00000000eb200000, 0x0000000100000000)
  eden space 143360K, 0% used [0x00000000e0000000,0x00000000e0000000,0x00000000e8c00000)
  from space 11776K, 48% used [0x00000000e9780000,0x00000000e9d0d908,0x00000000ea300000)
  to   space 11776K, 0% used [0x00000000e8c00000,0x00000000e8c00000,0x00000000e9780000)
 ParOldGen       total 46592K, used 11240K [0x00000000a0000000, 0x00000000a2d80000, 0x00000000e0000000)
  object space 46592K, 24% used [0x00000000a0000000,0x00000000a0afa160,0x00000000a2d80000)
 Metaspace       used 34692K, capacity 35416K, committed 35496K, reserved 1079296K
  class space    used 4787K, capacity 5005K, committed 5032K, reserved 1048576K
Event: 4.448 GC heap after
Heap after GC invocations=12 (full 2):
 PSYoungGen      total 155136K, used 0K [0x00000000e0000000, 0x00000000eb200000, 0x0000000100000000)
  eden space 143360K, 0% used [0x00000000e0000000,0x00000000e0000000,0x00000000e8c00000)
  from space 11776K, 0% used [0x00000000e9780000,0x00000000e9780000,0x00000000ea300000)
  to   space 11776K, 0% used [0x00000000e8c00000,0x00000000e8c00000,0x00000000e9780000)
 ParOldGen       total 69120K, used 15572K [0x00000000a0000000, 0x00000000a4380000, 0x00000000e0000000)
  object space 69120K, 22% used [0x00000000a0000000,0x00000000a0f35090,0x00000000a4380000)
 Metaspace       used 34672K, capacity 35350K, committed 35496K, reserved 1079296K
  class space    used 4781K, capacity 4994K, committed 5032K, reserved 1048576K
}
Event: 6.010 GC heap before
{Heap before GC invocations=13 (full 2):
 PSYoungGen      total 155136K, used 143360K [0x00000000e0000000, 0x00000000eb200000, 0x0000000100000000)
  eden space 143360K, 100% used [0x00000000e0000000,0x00000000e8c00000,0x00000000e8c00000)
  from space 11776K, 0% used [0x00000000e9780000,0x00000000e9780000,0x00000000ea300000)
  to   space 11776K, 0% used [0x00000000e8c00000,0x00000000e8c00000,0x00000000e9780000)
 ParOldGen       total 69120K, used 15584K [0x00000000a0000000, 0x00000000a4380000, 0x00000000e0000000)
  object space 69120K, 22% used [0x00000000a0000000,0x00000000a0f38140,0x00000000a4380000)
 Metaspace       used 48574K, capacity 49910K, committed 49960K, reserved 1091584K
  class space    used 6577K, capacity 6912K, committed 6952K, reserved 1048576K
Event: 6.031 GC heap after
Heap after GC invocations=13 (full 2):
 PSYoungGen      total 155136K, used 11751K [0x00000000e0000000, 0x00000000ed900000, 0x0000000100000000)
  eden space 143360K, 0% used [0x00000000e0000000,0x00000000e0000000,0x00000000e8c00000)
  from space 11776K, 99% used [0x00000000e8c00000,0x00000000e9779f38,0x00000000e9780000)
  to   space 15360K, 0% used [0x00000000eca00000,0x00000000eca00000,0x00000000ed900000)
 ParOldGen       total 69120K, used 22152K [0x00000000a0000000, 0x00000000a4380000, 0x00000000e0000000)
  object space 69120K, 32% used [0x00000000a0000000,0x00000000a15a2130,0x00000000a4380000)
 Metaspace       used 48574K, capacity 49910K, committed 49960K, reserved 1091584K
  class space    used 6577K, capacity 6912K, committed 6952K, reserved 1048576K
}
Event: 7.161 GC heap before
{Heap before GC invocations=14 (full 2):
 PSYoungGen      total 155136K, used 128012K [0x00000000e0000000, 0x00000000ed900000, 0x0000000100000000)
  eden space 143360K, 81% used [0x00000000e0000000,0x00000000e71893d0,0x00000000e8c00000)
  from space 11776K, 99% used [0x00000000e8c00000,0x00000000e9779f38,0x00000000e9780000)
  to   space 15360K, 0% used [0x00000000eca00000,0x00000000eca00000,0x00000000ed900000)
 ParOldGen       total 69120K, used 22152K [0x00000000a0000000, 0x00000000a4380000, 0x00000000e0000000)
  object space 69120K, 32% used [0x00000000a0000000,0x00000000a15a2130,0x00000000a4380000)
 Metaspace       used 57531K, capacity 59098K, committed 59160K, reserved 1099776K
  class space    used 7821K, capacity 8228K, committed 8232K, reserved 1048576K
Event: 7.184 GC heap after
Heap after GC invocations=14 (full 2):
 PSYoungGen      total 205824K, used 12557K [0x00000000e0000000, 0x00000000eda80000, 0x0000000100000000)
  eden space 190464K, 0% used [0x00000000e0000000,0x00000000e0000000,0x00000000eba00000)
  from space 15360K, 81% used [0x00000000eca00000,0x00000000ed643788,0x00000000ed900000)
  to   space 16384K, 0% used [0x00000000eba00000,0x00000000eba00000,0x00000000eca00000)
 ParOldGen       total 69120K, used 30748K [0x00000000a0000000, 0x00000000a4380000, 0x00000000e0000000)
  object space 69120K, 44% used [0x00000000a0000000,0x00000000a1e071d8,0x00000000a4380000)
 Metaspace       used 57531K, capacity 59098K, committed 59160K, reserved 1099776K
  class space    used 7821K, capacity 8228K, committed 8232K, reserved 1048576K
}
Event: 7.184 GC heap before
{Heap before GC invocations=15 (full 3):
 PSYoungGen      total 205824K, used 12557K [0x00000000e0000000, 0x00000000eda80000, 0x0000000100000000)
  eden space 190464K, 0% used [0x00000000e0000000,0x00000000e0000000,0x00000000eba00000)
  from space 15360K, 81% used [0x00000000eca00000,0x00000000ed643788,0x00000000ed900000)
  to   space 16384K, 0% used [0x00000000eba00000,0x00000000eba00000,0x00000000eca00000)
 ParOldGen       total 69120K, used 30748K [0x00000000a0000000, 0x00000000a4380000, 0x00000000e0000000)
  object space 69120K, 44% used [0x00000000a0000000,0x00000000a1e071d8,0x00000000a4380000)
 Metaspace       used 57531K, capacity 59098K, committed 59160K, reserved 1099776K
  class space    used 7821K, capacity 8228K, committed 8232K, reserved 1048576K
Event: 7.372 GC heap after
Heap after GC invocations=15 (full 3):
 PSYoungGen      total 205824K, used 0K [0x00000000e0000000, 0x00000000eda80000, 0x0000000100000000)
  eden space 190464K, 0% used [0x00000000e0000000,0x00000000e0000000,0x00000000eba00000)
  from space 15360K, 0% used [0x00000000eca00000,0x00000000eca00000,0x00000000ed900000)
  to   space 16384K, 0% used [0x00000000eba00000,0x00000000eba00000,0x00000000eca00000)
 ParOldGen       total 110080K, used 34791K [0x00000000a0000000, 0x00000000a6b80000, 0x00000000e0000000)
  object space 110080K, 31% used [0x00000000a0000000,0x00000000a21f9dc0,0x00000000a6b80000)
 Metaspace       used 57531K, capacity 59098K, committed 59160K, reserved 1099776K
  class space    used 7821K, capacity 8228K, committed 8232K, reserved 1048576K
}
Event: 10.081 GC heap before
{Heap before GC invocations=16 (full 3):
 PSYoungGen      total 205824K, used 190464K [0x00000000e0000000, 0x00000000eda80000, 0x0000000100000000)
  eden space 190464K, 100% used [0x00000000e0000000,0x00000000eba00000,0x00000000eba00000)
  from space 15360K, 0% used [0x00000000eca00000,0x00000000eca00000,0x00000000ed900000)
  to   space 16384K, 0% used [0x00000000eba00000,0x00000000eba00000,0x00000000eca00000)
 ParOldGen       total 110080K, used 34791K [0x00000000a0000000, 0x00000000a6b80000, 0x00000000e0000000)
  object space 110080K, 31% used [0x00000000a0000000,0x00000000a21f9dc0,0x00000000a6b80000)
 Metaspace       used 61822K, capacity 64040K, committed 64152K, reserved 1103872K
  class space    used 8367K, capacity 8835K, committed 8872K, reserved 1048576K
Event: 10.103 GC heap after
Heap after GC invocations=16 (full 3):
 PSYoungGen      total 206848K, used 16375K [0x00000000e0000000, 0x00000000eda80000, 0x0000000100000000)
  eden space 190464K, 0% used [0x00000000e0000000,0x00000000e0000000,0x00000000eba00000)
  from space 16384K, 99% used [0x00000000eba00000,0x00000000ec9fdd48,0x00000000eca00000)
  to   space 15360K, 0% used [0x00000000eca00000,0x00000000eca00000,0x00000000ed900000)
 ParOldGen       total 110080K, used 37022K [0x00000000a0000000, 0x00000000a6b80000, 0x00000000e0000000)
  object space 110080K, 33% used [0x00000000a0000000,0x00000000a2427b50,0x00000000a6b80000)
 Metaspace       used 61822K, capacity 64040K, committed 64152K, reserved 1103872K
  class space    used 8367K, capacity 8835K, committed 8872K, reserved 1048576K
}

