# JRE version: OpenJDK Runtime Environment (8.0_202-b03) (build 1.8.0_202-release-1483-b03)
# Java VM: OpenJDK 64-Bit Server VM (25.202-b03 mixed mode windows-amd64 compressed oops)
Heap:
 PSYoungGen      total 157184K, used 135933K [0x00000000e0000000, 0x00000000eb400000, 0x0000000100000000)
  eden space 145408K, 93% used [0x00000000e0000000,0x00000000e84bf568,0x00000000e8e00000)
  from space 11776K, 0% used [0x00000000e9980000,0x00000000e9980000,0x00000000ea500000)
  to   space 11776K, 0% used [0x00000000e8e00000,0x00000000e8e00000,0x00000000e9980000)
 ParOldGen       total 47104K, used 15416K [0x00000000a0000000, 0x00000000a2e00000, 0x00000000e0000000)
  object space 47104K, 32% used [0x00000000a0000000,0x00000000a0f0e010,0x00000000a2e00000)
 Metaspace       used 48027K, capacity 49366K, committed 49576K, reserved 1091584K
  class space    used 6486K, capacity 6816K, committed 6824K, reserved 1048576K
GC Heap History (10 events):
Event: 2.994 GC heap before
{Heap before GC invocations=8 (full 1):
 PSYoungGen      total 67072K, used 4613K [0x00000000e0000000, 0x00000000e8200000, 0x0000000100000000)
  eden space 56320K, 0% used [0x00000000e0000000,0x00000000e0000000,0x00000000e3700000)
  from space 10752K, 42% used [0x00000000e3700000,0x00000000e3b81780,0x00000000e4180000)
  to   space 10240K, 0% used [0x00000000e7800000,0x00000000e7800000,0x00000000e8200000)
 ParOldGen       total 76800K, used 9499K [0x00000000a0000000, 0x00000000a4b00000, 0x00000000e0000000)
  object space 76800K, 12% used [0x00000000a0000000,0x00000000a0946f30,0x00000000a4b00000)
 Metaspace       used 20747K, capacity 21162K, committed 21296K, reserved 1067008K
  class space    used 2955K, capacity 3123K, committed 3200K, reserved 1048576K
Event: 3.021 GC heap after
Heap after GC invocations=8 (full 1):
 PSYoungGen      total 67072K, used 0K [0x00000000e0000000, 0x00000000e8200000, 0x0000000100000000)
  eden space 56320K, 0% used [0x00000000e0000000,0x00000000e0000000,0x00000000e3700000)
  from space 10752K, 0% used [0x00000000e3700000,0x00000000e3700000,0x00000000e4180000)
  to   space 10240K, 0% used [0x00000000e7800000,0x00000000e7800000,0x00000000e8200000)
 ParOldGen       total 47104K, used 8400K [0x00000000a0000000, 0x00000000a2e00000, 0x00000000e0000000)
  object space 47104K, 17% used [0x00000000a0000000,0x00000000a0834278,0x00000000a2e00000)
 Metaspace       used 20747K, capacity 21162K, committed 21296K, reserved 1067008K
  class space    used 2955K, capacity 3123K, committed 3200K, reserved 1048576K
}
Event: 3.528 GC heap before
{Heap before GC invocations=9 (full 1):
 PSYoungGen      total 67072K, used 56320K [0x00000000e0000000, 0x00000000e8200000, 0x0000000100000000)
  eden space 56320K, 100% used [0x00000000e0000000,0x00000000e3700000,0x00000000e3700000)
  from space 10752K, 0% used [0x00000000e3700000,0x00000000e3700000,0x00000000e4180000)
  to   space 10240K, 0% used [0x00000000e7800000,0x00000000e7800000,0x00000000e8200000)
 ParOldGen       total 47104K, used 8400K [0x00000000a0000000, 0x00000000a2e00000, 0x00000000e0000000)
  object space 47104K, 17% used [0x00000000a0000000,0x00000000a0834278,0x00000000a2e00000)
 Metaspace       used 27893K, capacity 28360K, committed 28672K, reserved 1073152K
  class space    used 3821K, capacity 3999K, committed 4096K, reserved 1048576K
Event: 3.535 GC heap after
Heap after GC invocations=9 (full 1):
 PSYoungGen      total 108032K, used 7416K [0x00000000e0000000, 0x00000000e7f80000, 0x0000000100000000)
  eden space 100352K, 0% used [0x00000000e0000000,0x00000000e0000000,0x00000000e6200000)
  from space 7680K, 96% used [0x00000000e7800000,0x00000000e7f3e248,0x00000000e7f80000)
  to   space 10240K, 0% used [0x00000000e6b80000,0x00000000e6b80000,0x00000000e7580000)
 ParOldGen       total 47104K, used 8408K [0x00000000a0000000, 0x00000000a2e00000, 0x00000000e0000000)
  object space 47104K, 17% used [0x00000000a0000000,0x00000000a0836278,0x00000000a2e00000)
 Metaspace       used 27893K, capacity 28360K, committed 28672K, reserved 1073152K
  class space    used 3821K, capacity 3999K, committed 4096K, reserved 1048576K
}
Event: 4.493 GC heap before
{Heap before GC invocations=10 (full 1):
 PSYoungGen      total 108032K, used 107768K [0x00000000e0000000, 0x00000000e7f80000, 0x0000000100000000)
  eden space 100352K, 100% used [0x00000000e0000000,0x00000000e6200000,0x00000000e6200000)
  from space 7680K, 96% used [0x00000000e7800000,0x00000000e7f3e248,0x00000000e7f80000)
  to   space 10240K, 0% used [0x00000000e6b80000,0x00000000e6b80000,0x00000000e7580000)
 ParOldGen       total 47104K, used 8408K [0x00000000a0000000, 0x00000000a2e00000, 0x00000000e0000000)
  object space 47104K, 17% used [0x00000000a0000000,0x00000000a0836278,0x00000000a2e00000)
 Metaspace       used 33785K, capacity 34468K, committed 34688K, reserved 1079296K
  class space    used 4662K, capacity 4873K, committed 4992K, reserved 1048576K
Event: 4.504 GC heap after
Heap after GC invocations=10 (full 1):
 PSYoungGen      total 120320K, used 10238K [0x00000000e0000000, 0x00000000ea500000, 0x0000000100000000)
  eden space 110080K, 0% used [0x00000000e0000000,0x00000000e0000000,0x00000000e6b80000)
  from space 10240K, 99% used [0x00000000e6b80000,0x00000000e757fa98,0x00000000e7580000)
  to   space 11776K, 0% used [0x00000000e9980000,0x00000000e9980000,0x00000000ea500000)
 ParOldGen       total 47104K, used 9162K [0x00000000a0000000, 0x00000000a2e00000, 0x00000000e0000000)
  object space 47104K, 19% used [0x00000000a0000000,0x00000000a08f2810,0x00000000a2e00000)
 Metaspace       used 33785K, capacity 34468K, committed 34688K, reserved 1079296K
  class space    used 4662K, capacity 4873K, committed 4992K, reserved 1048576K
}
Event: 4.749 GC heap before
{Heap before GC invocations=11 (full 1):
 PSYoungGen      total 120320K, used 35353K [0x00000000e0000000, 0x00000000ea500000, 0x0000000100000000)
  eden space 110080K, 22% used [0x00000000e0000000,0x00000000e1886ab8,0x00000000e6b80000)
  from space 10240K, 99% used [0x00000000e6b80000,0x00000000e757fa98,0x00000000e7580000)
  to   space 11776K, 0% used [0x00000000e9980000,0x00000000e9980000,0x00000000ea500000)
 ParOldGen       total 47104K, used 9162K [0x00000000a0000000, 0x00000000a2e00000, 0x00000000e0000000)
  object space 47104K, 19% used [0x00000000a0000000,0x00000000a08f2810,0x00000000a2e00000)
 Metaspace       used 34695K, capacity 35452K, committed 35496K, reserved 1079296K
  class space    used 4791K, capacity 5011K, committed 5032K, reserved 1048576K
Event: 4.759 GC heap after
Heap after GC invocations=11 (full 1):
 PSYoungGen      total 157184K, used 5510K [0x00000000e0000000, 0x00000000eb400000, 0x0000000100000000)
  eden space 145408K, 0% used [0x00000000e0000000,0x00000000e0000000,0x00000000e8e00000)
  from space 11776K, 46% used [0x00000000e9980000,0x00000000e9ee18f8,0x00000000ea500000)
  to   space 11776K, 0% used [0x00000000e8e00000,0x00000000e8e00000,0x00000000e9980000)
 ParOldGen       total 47104K, used 12234K [0x00000000a0000000, 0x00000000a2e00000, 0x00000000e0000000)
  object space 47104K, 25% used [0x00000000a0000000,0x00000000a0bf2820,0x00000000a2e00000)
 Metaspace       used 34695K, capacity 35452K, committed 35496K, reserved 1079296K
  class space    used 4791K, capacity 5011K, committed 5032K, reserved 1048576K
}
Event: 4.759 GC heap before
{Heap before GC invocations=12 (full 2):
 PSYoungGen      total 157184K, used 5510K [0x00000000e0000000, 0x00000000eb400000, 0x0000000100000000)
  eden space 145408K, 0% used [0x00000000e0000000,0x00000000e0000000,0x00000000e8e00000)
  from space 11776K, 46% used [0x00000000e9980000,0x00000000e9ee18f8,0x00000000ea500000)
  to   space 11776K, 0% used [0x00000000e8e00000,0x00000000e8e00000,0x00000000e9980000)
 ParOldGen       total 47104K, used 12234K [0x00000000a0000000, 0x00000000a2e00000, 0x00000000e0000000)
  object space 47104K, 25% used [0x00000000a0000000,0x00000000a0bf2820,0x00000000a2e00000)
 Metaspace       used 34695K, capacity 35452K, committed 35496K, reserved 1079296K
  class space    used 4791K, capacity 5011K, committed 5032K, reserved 1048576K
Event: 4.836 GC heap after
Heap after GC invocations=12 (full 2):
 PSYoungGen      total 157184K, used 0K [0x00000000e0000000, 0x00000000eb400000, 0x0000000100000000)
  eden space 145408K, 0% used [0x00000000e0000000,0x00000000e0000000,0x00000000e8e00000)
  from space 11776K, 0% used [0x00000000e9980000,0x00000000e9980000,0x00000000ea500000)
  to   space 11776K, 0% used [0x00000000e8e00000,0x00000000e8e00000,0x00000000e9980000)
 ParOldGen       total 47104K, used 15416K [0x00000000a0000000, 0x00000000a2e00000, 0x00000000e0000000)
  object space 47104K, 32% used [0x00000000a0000000,0x00000000a0f0e010,0x00000000a2e00000)
 Metaspace       used 34665K, capacity 35350K, committed 35496K, reserved 1079296K
  class space    used 4781K, capacity 4994K, committed 5032K, reserved 1048576K
}

