# JRE version: OpenJDK Runtime Environment (8.0_202-b03) (build 1.8.0_202-release-1483-b03)
# Java VM: OpenJDK 64-Bit Server VM (25.202-b03 mixed mode windows-amd64 compressed oops)
Heap:
 PSYoungGen      total 210432K, used 25896K [0x00000000e0000000, 0x00000000f0b00000, 0x0000000100000000)
  eden space 194048K, 4% used [0x00000000e0000000,0x00000000e094a340,0x00000000ebd80000)
  from space 16384K, 99% used [0x00000000ebd80000,0x00000000ecd7ff20,0x00000000ecd80000)
  to   space 19968K, 0% used [0x00000000ef780000,0x00000000ef780000,0x00000000f0b00000)
 ParOldGen       total 110592K, used 37405K [0x00000000a0000000, 0x00000000a6c00000, 0x00000000e0000000)
  object space 110592K, 33% used [0x00000000a0000000,0x00000000a2487490,0x00000000a6c00000)
 Metaspace       used 62025K, capacity 64288K, committed 64536K, reserved 1105920K
  class space    used 8399K, capacity 8897K, committed 9000K, reserved 1048576K
GC Heap History (10 events):
Event: 4.686 GC heap before
{Heap before GC invocations=12 (full 2):
 PSYoungGen      total 159232K, used 5557K [0x00000000e0000000, 0x00000000eb380000, 0x0000000100000000)
  eden space 147456K, 0% used [0x00000000e0000000,0x00000000e0000000,0x00000000e9000000)
  from space 11776K, 47% used [0x00000000e9b80000,0x00000000ea0ed6b0,0x00000000ea700000)
  to   space 11776K, 0% used [0x00000000e9000000,0x00000000e9000000,0x00000000e9b80000)
 ParOldGen       total 47616K, used 12888K [0x00000000a0000000, 0x00000000a2e80000, 0x00000000e0000000)
  object space 47616K, 27% used [0x00000000a0000000,0x00000000a0c96230,0x00000000a2e80000)
 Metaspace       used 34757K, capacity 35438K, committed 35496K, reserved 1079296K
  class space    used 4787K, capacity 4998K, committed 5032K, reserved 1048576K
Event: 4.753 GC heap after
Heap after GC invocations=12 (full 2):
 PSYoungGen      total 159232K, used 0K [0x00000000e0000000, 0x00000000eb380000, 0x0000000100000000)
  eden space 147456K, 0% used [0x00000000e0000000,0x00000000e0000000,0x00000000e9000000)
  from space 11776K, 0% used [0x00000000e9b80000,0x00000000e9b80000,0x00000000ea700000)
  to   space 11776K, 0% used [0x00000000e9000000,0x00000000e9000000,0x00000000e9b80000)
 ParOldGen       total 69120K, used 15494K [0x00000000a0000000, 0x00000000a4380000, 0x00000000e0000000)
  object space 69120K, 22% used [0x00000000a0000000,0x00000000a0f21a30,0x00000000a4380000)
 Metaspace       used 34750K, capacity 35414K, committed 35496K, reserved 1079296K
  class space    used 4784K, capacity 4994K, committed 5032K, reserved 1048576K
}
Event: 6.147 GC heap before
{Heap before GC invocations=13 (full 2):
 PSYoungGen      total 159232K, used 147456K [0x00000000e0000000, 0x00000000eb380000, 0x0000000100000000)
  eden space 147456K, 100% used [0x00000000e0000000,0x00000000e9000000,0x00000000e9000000)
  from space 11776K, 0% used [0x00000000e9b80000,0x00000000e9b80000,0x00000000ea700000)
  to   space 11776K, 0% used [0x00000000e9000000,0x00000000e9000000,0x00000000e9b80000)
 ParOldGen       total 69120K, used 15494K [0x00000000a0000000, 0x00000000a4380000, 0x00000000e0000000)
  object space 69120K, 22% used [0x00000000a0000000,0x00000000a0f21a30,0x00000000a4380000)
 Metaspace       used 48919K, capacity 50258K, committed 50472K, reserved 1093632K
  class space    used 6616K, capacity 6944K, committed 6952K, reserved 1048576K
Event: 6.170 GC heap after
Heap after GC invocations=13 (full 2):
 PSYoungGen      total 159232K, used 11770K [0x00000000e0000000, 0x00000000edd00000, 0x0000000100000000)
  eden space 147456K, 0% used [0x00000000e0000000,0x00000000e0000000,0x00000000e9000000)
  from space 11776K, 99% used [0x00000000e9000000,0x00000000e9b7e848,0x00000000e9b80000)
  to   space 15360K, 0% used [0x00000000ece00000,0x00000000ece00000,0x00000000edd00000)
 ParOldGen       total 69120K, used 22355K [0x00000000a0000000, 0x00000000a4380000, 0x00000000e0000000)
  object space 69120K, 32% used [0x00000000a0000000,0x00000000a15d4f68,0x00000000a4380000)
 Metaspace       used 48919K, capacity 50258K, committed 50472K, reserved 1093632K
  class space    used 6616K, capacity 6944K, committed 6952K, reserved 1048576K
}
Event: 7.348 GC heap before
{Heap before GC invocations=14 (full 2):
 PSYoungGen      total 159232K, used 122817K [0x00000000e0000000, 0x00000000edd00000, 0x0000000100000000)
  eden space 147456K, 75% used [0x00000000e0000000,0x00000000e6c71bf0,0x00000000e9000000)
  from space 11776K, 99% used [0x00000000e9000000,0x00000000e9b7e848,0x00000000e9b80000)
  to   space 15360K, 0% used [0x00000000ece00000,0x00000000ece00000,0x00000000edd00000)
 ParOldGen       total 69120K, used 22355K [0x00000000a0000000, 0x00000000a4380000, 0x00000000e0000000)
  object space 69120K, 32% used [0x00000000a0000000,0x00000000a15d4f68,0x00000000a4380000)
 Metaspace       used 57517K, capacity 59106K, committed 59160K, reserved 1099776K
  class space    used 7824K, capacity 8228K, committed 8232K, reserved 1048576K
Event: 7.371 GC heap after
Heap after GC invocations=14 (full 2):
 PSYoungGen      total 209408K, used 12317K [0x00000000e0000000, 0x00000000edd80000, 0x0000000100000000)
  eden space 194048K, 0% used [0x00000000e0000000,0x00000000e0000000,0x00000000ebd80000)
  from space 15360K, 80% used [0x00000000ece00000,0x00000000eda075f8,0x00000000edd00000)
  to   space 16384K, 0% used [0x00000000ebd80000,0x00000000ebd80000,0x00000000ecd80000)
 ParOldGen       total 69120K, used 30969K [0x00000000a0000000, 0x00000000a4380000, 0x00000000e0000000)
  object space 69120K, 44% used [0x00000000a0000000,0x00000000a1e3e5d0,0x00000000a4380000)
 Metaspace       used 57517K, capacity 59106K, committed 59160K, reserved 1099776K
  class space    used 7824K, capacity 8228K, committed 8232K, reserved 1048576K
}
Event: 7.371 GC heap before
{Heap before GC invocations=15 (full 3):
 PSYoungGen      total 209408K, used 12317K [0x00000000e0000000, 0x00000000edd80000, 0x0000000100000000)
  eden space 194048K, 0% used [0x00000000e0000000,0x00000000e0000000,0x00000000ebd80000)
  from space 15360K, 80% used [0x00000000ece00000,0x00000000eda075f8,0x00000000edd00000)
  to   space 16384K, 0% used [0x00000000ebd80000,0x00000000ebd80000,0x00000000ecd80000)
 ParOldGen       total 69120K, used 30969K [0x00000000a0000000, 0x00000000a4380000, 0x00000000e0000000)
  object space 69120K, 44% used [0x00000000a0000000,0x00000000a1e3e5d0,0x00000000a4380000)
 Metaspace       used 57517K, capacity 59106K, committed 59160K, reserved 1099776K
  class space    used 7824K, capacity 8228K, committed 8232K, reserved 1048576K
Event: 7.564 GC heap after
Heap after GC invocations=15 (full 3):
 PSYoungGen      total 209408K, used 0K [0x00000000e0000000, 0x00000000edd80000, 0x0000000100000000)
  eden space 194048K, 0% used [0x00000000e0000000,0x00000000e0000000,0x00000000ebd80000)
  from space 15360K, 0% used [0x00000000ece00000,0x00000000ece00000,0x00000000edd00000)
  to   space 16384K, 0% used [0x00000000ebd80000,0x00000000ebd80000,0x00000000ecd80000)
 ParOldGen       total 110592K, used 34535K [0x00000000a0000000, 0x00000000a6c00000, 0x00000000e0000000)
  object space 110592K, 31% used [0x00000000a0000000,0x00000000a21b9e00,0x00000000a6c00000)
 Metaspace       used 57517K, capacity 59106K, committed 59160K, reserved 1099776K
  class space    used 7824K, capacity 8228K, committed 8232K, reserved 1048576K
}
Event: 14.588 GC heap before
{Heap before GC invocations=16 (full 3):
 PSYoungGen      total 209408K, used 194048K [0x00000000e0000000, 0x00000000edd80000, 0x0000000100000000)
  eden space 194048K, 100% used [0x00000000e0000000,0x00000000ebd80000,0x00000000ebd80000)
  from space 15360K, 0% used [0x00000000ece00000,0x00000000ece00000,0x00000000edd00000)
  to   space 16384K, 0% used [0x00000000ebd80000,0x00000000ebd80000,0x00000000ecd80000)
 ParOldGen       total 110592K, used 34535K [0x00000000a0000000, 0x00000000a6c00000, 0x00000000e0000000)
  object space 110592K, 31% used [0x00000000a0000000,0x00000000a21b9e00,0x00000000a6c00000)
 Metaspace       used 62013K, capacity 64288K, committed 64536K, reserved 1105920K
  class space    used 8397K, capacity 8897K, committed 9000K, reserved 1048576K
Event: 14.622 GC heap after
Heap after GC invocations=16 (full 3):
 PSYoungGen      total 210432K, used 16383K [0x00000000e0000000, 0x00000000f0b00000, 0x0000000100000000)
  eden space 194048K, 0% used [0x00000000e0000000,0x00000000e0000000,0x00000000ebd80000)
  from space 16384K, 99% used [0x00000000ebd80000,0x00000000ecd7ff20,0x00000000ecd80000)
  to   space 19968K, 0% used [0x00000000ef780000,0x00000000ef780000,0x00000000f0b00000)
 ParOldGen       total 110592K, used 37405K [0x00000000a0000000, 0x00000000a6c00000, 0x00000000e0000000)
  object space 110592K, 33% used [0x00000000a0000000,0x00000000a2487490,0x00000000a6c00000)
 Metaspace       used 62013K, capacity 64288K, committed 64536K, reserved 1105920K
  class space    used 8397K, capacity 8897K, committed 9000K, reserved 1048576K
}

