# JRE version: OpenJDK Runtime Environment (8.0_202-b03) (build 1.8.0_202-release-1483-b03)
# Java VM: OpenJDK 64-Bit Server VM (25.202-b03 mixed mode windows-amd64 compressed oops)
Heap:
 PSYoungGen      total 147968K, used 85745K [0x00000000e0000000, 0x00000000eb400000, 0x0000000100000000)
  eden space 126976K, 51% used [0x00000000e0000000,0x00000000e3f40190,0x00000000e7c00000)
  from space 20992K, 99% used [0x00000000e9b00000,0x00000000eaf7c5d8,0x00000000eaf80000)
  to   space 4608K, 0% used [0x00000000eaf80000,0x00000000eaf80000,0x00000000eb400000)
 ParOldGen       total 124416K, used 40950K [0x00000000a0000000, 0x00000000a7980000, 0x00000000e0000000)
  object space 124416K, 32% used [0x00000000a0000000,0x00000000a27fdba8,0x00000000a7980000)
 Metaspace       used 75057K, capacity 78318K, committed 78552K, reserved 1118208K
  class space    used 9749K, capacity 10395K, committed 10496K, reserved 1048576K
GC Heap History (10 events):
Event: 20.078 GC heap before
{Heap before GC invocations=14 (full 3):
 PSYoungGen      total 124416K, used 15340K [0x00000000e0000000, 0x00000000eac00000, 0x0000000100000000)
  eden space 109056K, 0% used [0x00000000e0000000,0x00000000e0000000,0x00000000e6a80000)
  from space 15360K, 99% used [0x00000000e6a80000,0x00000000e797b350,0x00000000e7980000)
  to   space 18944K, 0% used [0x00000000e9980000,0x00000000e9980000,0x00000000eac00000)
 ParOldGen       total 84992K, used 25860K [0x00000000a0000000, 0x00000000a5300000, 0x00000000e0000000)
  object space 84992K, 30% used [0x00000000a0000000,0x00000000a1941050,0x00000000a5300000)
 Metaspace       used 57091K, capacity 58974K, committed 59096K, reserved 1099776K
  class space    used 7658K, capacity 8088K, committed 8192K, reserved 1048576K
Event: 20.246 GC heap after
Heap after GC invocations=14 (full 3):
 PSYoungGen      total 124416K, used 0K [0x00000000e0000000, 0x00000000eac00000, 0x0000000100000000)
  eden space 109056K, 0% used [0x00000000e0000000,0x00000000e0000000,0x00000000e6a80000)
  from space 15360K, 0% used [0x00000000e6a80000,0x00000000e6a80000,0x00000000e7980000)
  to   space 18944K, 0% used [0x00000000e9980000,0x00000000e9980000,0x00000000eac00000)
 ParOldGen       total 124416K, used 34415K [0x00000000a0000000, 0x00000000a7980000, 0x00000000e0000000)
  object space 124416K, 27% used [0x00000000a0000000,0x00000000a219be88,0x00000000a7980000)
 Metaspace       used 56999K, capacity 58730K, committed 59096K, reserved 1099776K
  class space    used 7630K, capacity 8048K, committed 8192K, reserved 1048576K
}
Event: 21.926 GC heap before
{Heap before GC invocations=15 (full 3):
 PSYoungGen      total 124416K, used 109056K [0x00000000e0000000, 0x00000000eac00000, 0x0000000100000000)
  eden space 109056K, 100% used [0x00000000e0000000,0x00000000e6a80000,0x00000000e6a80000)
  from space 15360K, 0% used [0x00000000e6a80000,0x00000000e6a80000,0x00000000e7980000)
  to   space 18944K, 0% used [0x00000000e9980000,0x00000000e9980000,0x00000000eac00000)
 ParOldGen       total 124416K, used 34415K [0x00000000a0000000, 0x00000000a7980000, 0x00000000e0000000)
  object space 124416K, 27% used [0x00000000a0000000,0x00000000a219be88,0x00000000a7980000)
 Metaspace       used 63046K, capacity 65188K, committed 65368K, reserved 1105920K
  class space    used 8570K, capacity 9076K, committed 9088K, reserved 1048576K
Event: 21.935 GC heap after
Heap after GC invocations=15 (full 3):
 PSYoungGen      total 148992K, used 8717K [0x00000000e0000000, 0x00000000ea780000, 0x0000000100000000)
  eden space 134656K, 0% used [0x00000000e0000000,0x00000000e0000000,0x00000000e8380000)
  from space 14336K, 60% used [0x00000000e9980000,0x00000000ea203478,0x00000000ea780000)
  to   space 18432K, 0% used [0x00000000e8380000,0x00000000e8380000,0x00000000e9580000)
 ParOldGen       total 124416K, used 34423K [0x00000000a0000000, 0x00000000a7980000, 0x00000000e0000000)
  object space 124416K, 27% used [0x00000000a0000000,0x00000000a219de88,0x00000000a7980000)
 Metaspace       used 63046K, capacity 65188K, committed 65368K, reserved 1105920K
  class space    used 8570K, capacity 9076K, committed 9088K, reserved 1048576K
}
Event: 28.412 GC heap before
{Heap before GC invocations=16 (full 3):
 PSYoungGen      total 148992K, used 143373K [0x00000000e0000000, 0x00000000ea780000, 0x0000000100000000)
  eden space 134656K, 100% used [0x00000000e0000000,0x00000000e8380000,0x00000000e8380000)
  from space 14336K, 60% used [0x00000000e9980000,0x00000000ea203478,0x00000000ea780000)
  to   space 18432K, 0% used [0x00000000e8380000,0x00000000e8380000,0x00000000e9580000)
 ParOldGen       total 124416K, used 34423K [0x00000000a0000000, 0x00000000a7980000, 0x00000000e0000000)
  object space 124416K, 27% used [0x00000000a0000000,0x00000000a219de88,0x00000000a7980000)
 Metaspace       used 68160K, capacity 71016K, committed 71256K, reserved 1110016K
  class space    used 9208K, capacity 9797K, committed 9856K, reserved 1048576K
Event: 28.438 GC heap after
Heap after GC invocations=16 (full 3):
 PSYoungGen      total 153088K, used 15689K [0x00000000e0000000, 0x00000000ec700000, 0x0000000100000000)
  eden space 134656K, 0% used [0x00000000e0000000,0x00000000e0000000,0x00000000e8380000)
  from space 18432K, 85% used [0x00000000e8380000,0x00000000e92d27d0,0x00000000e9580000)
  to   space 19968K, 0% used [0x00000000eb380000,0x00000000eb380000,0x00000000ec700000)
 ParOldGen       total 124416K, used 34431K [0x00000000a0000000, 0x00000000a7980000, 0x00000000e0000000)
  object space 124416K, 27% used [0x00000000a0000000,0x00000000a219fe88,0x00000000a7980000)
 Metaspace       used 68160K, capacity 71016K, committed 71256K, reserved 1110016K
  class space    used 9208K, capacity 9797K, committed 9856K, reserved 1048576K
}
Event: 372.986 GC heap before
{Heap before GC invocations=17 (full 3):
 PSYoungGen      total 153088K, used 150345K [0x00000000e0000000, 0x00000000ec700000, 0x0000000100000000)
  eden space 134656K, 100% used [0x00000000e0000000,0x00000000e8380000,0x00000000e8380000)
  from space 18432K, 85% used [0x00000000e8380000,0x00000000e92d27d0,0x00000000e9580000)
  to   space 19968K, 0% used [0x00000000eb380000,0x00000000eb380000,0x00000000ec700000)
 ParOldGen       total 124416K, used 34431K [0x00000000a0000000, 0x00000000a7980000, 0x00000000e0000000)
  object space 124416K, 27% used [0x00000000a0000000,0x00000000a219fe88,0x00000000a7980000)
 Metaspace       used 72928K, capacity 75922K, committed 76248K, reserved 1116160K
  class space    used 9558K, capacity 10151K, committed 10240K, reserved 1048576K
Event: 373.003 GC heap after
Heap after GC invocations=17 (full 3):
 PSYoungGen      total 147456K, used 16470K [0x00000000e0000000, 0x00000000ec400000, 0x0000000100000000)
  eden space 130560K, 0% used [0x00000000e0000000,0x00000000e0000000,0x00000000e7f80000)
  from space 16896K, 97% used [0x00000000eb380000,0x00000000ec395ba0,0x00000000ec400000)
  to   space 20992K, 0% used [0x00000000e9b00000,0x00000000e9b00000,0x00000000eaf80000)
 ParOldGen       total 124416K, used 34439K [0x00000000a0000000, 0x00000000a7980000, 0x00000000e0000000)
  object space 124416K, 27% used [0x00000000a0000000,0x00000000a21a1e88,0x00000000a7980000)
 Metaspace       used 72928K, capacity 75922K, committed 76248K, reserved 1116160K
  class space    used 9558K, capacity 10151K, committed 10240K, reserved 1048576K
}
Event: 740.233 GC heap before
{Heap before GC invocations=18 (full 3):
 PSYoungGen      total 147456K, used 147030K [0x00000000e0000000, 0x00000000ec400000, 0x0000000100000000)
  eden space 130560K, 100% used [0x00000000e0000000,0x00000000e7f80000,0x00000000e7f80000)
  from space 16896K, 97% used [0x00000000eb380000,0x00000000ec395ba0,0x00000000ec400000)
  to   space 20992K, 0% used [0x00000000e9b00000,0x00000000e9b00000,0x00000000eaf80000)
 ParOldGen       total 124416K, used 34439K [0x00000000a0000000, 0x00000000a7980000, 0x00000000e0000000)
  object space 124416K, 27% used [0x00000000a0000000,0x00000000a21a1e88,0x00000000a7980000)
 Metaspace       used 74598K, capacity 77888K, committed 77912K, reserved 1116160K
  class space    used 9710K, capacity 10350K, committed 10368K, reserved 1048576K
Event: 740.270 GC heap after
Heap after GC invocations=18 (full 3):
 PSYoungGen      total 147968K, used 20977K [0x00000000e0000000, 0x00000000eb400000, 0x0000000100000000)
  eden space 126976K, 0% used [0x00000000e0000000,0x00000000e0000000,0x00000000e7c00000)
  from space 20992K, 99% used [0x00000000e9b00000,0x00000000eaf7c5d8,0x00000000eaf80000)
  to   space 4608K, 0% used [0x00000000eaf80000,0x00000000eaf80000,0x00000000eb400000)
 ParOldGen       total 124416K, used 40950K [0x00000000a0000000, 0x00000000a7980000, 0x00000000e0000000)
  object space 124416K, 32% used [0x00000000a0000000,0x00000000a27fdba8,0x00000000a7980000)
 Metaspace       used 74598K, capacity 77888K, committed 77912K, reserved 1116160K
  class space    used 9710K, capacity 10350K, committed 10368K, reserved 1048576K
}

