# JRE version: OpenJDK Runtime Environment (8.0_202-b03) (build 1.8.0_202-release-1483-b03)
# Java VM: OpenJDK 64-Bit Server VM (25.202-b03 mixed mode windows-amd64 compressed oops)
Heap:
 PSYoungGen      total 437248K, used 225616K [0x00000000e0000000, 0x00000000fcb80000, 0x0000000100000000)
  eden space 419328K, 50% used [0x00000000e0000000,0x00000000ecd1ee78,0x00000000f9980000)
  from space 17920K, 86% used [0x00000000fba00000,0x00000000fc935548,0x00000000fcb80000)
  to   space 25600K, 0% used [0x00000000f9980000,0x00000000f9980000,0x00000000fb280000)
 ParOldGen       total 97792K, used 73508K [0x00000000a0000000, 0x00000000a5f80000, 0x00000000e0000000)
  object space 97792K, 75% used [0x00000000a0000000,0x00000000a47c91a8,0x00000000a5f80000)
 Metaspace       used 71499K, capacity 75144K, committed 75288K, reserved 1114112K
  class space    used 9710K, capacity 10435K, committed 10536K, reserved 1048576K
GC Heap History (10 events):
Event: 20.479 GC heap before
{Heap before GC invocations=17 (full 3):
 PSYoungGen      total 247296K, used 247265K [0x00000000e0000000, 0x00000000f4a80000, 0x0000000100000000)
  eden space 230912K, 100% used [0x00000000e0000000,0x00000000ee180000,0x00000000ee180000)
  from space 16384K, 99% used [0x00000000ee180000,0x00000000ef178620,0x00000000ef180000)
  to   space 24576K, 0% used [0x00000000f3280000,0x00000000f3280000,0x00000000f4a80000)
 ParOldGen       total 97792K, used 48300K [0x00000000a0000000, 0x00000000a5f80000, 0x00000000e0000000)
  object space 97792K, 49% used [0x00000000a0000000,0x00000000a2f2b3f0,0x00000000a5f80000)
 Metaspace       used 70142K, capacity 73686K, committed 73880K, reserved 1112064K
  class space    used 9643K, capacity 10342K, committed 10408K, reserved 1048576K
Event: 20.514 GC heap after
Heap after GC invocations=17 (full 3):
 PSYoungGen      total 298496K, used 12130K [0x00000000e0000000, 0x00000000f4200000, 0x0000000100000000)
  eden space 282624K, 0% used [0x00000000e0000000,0x00000000e0000000,0x00000000f1400000)
  from space 15872K, 76% used [0x00000000f3280000,0x00000000f3e58ae0,0x00000000f4200000)
  to   space 23552K, 0% used [0x00000000f1400000,0x00000000f1400000,0x00000000f2b00000)
 ParOldGen       total 97792K, used 63895K [0x00000000a0000000, 0x00000000a5f80000, 0x00000000e0000000)
  object space 97792K, 65% used [0x00000000a0000000,0x00000000a3e65ec8,0x00000000a5f80000)
 Metaspace       used 70142K, capacity 73686K, committed 73880K, reserved 1112064K
  class space    used 9643K, capacity 10342K, committed 10408K, reserved 1048576K
}
Event: 21.330 GC heap before
{Heap before GC invocations=18 (full 3):
 PSYoungGen      total 298496K, used 294754K [0x00000000e0000000, 0x00000000f4200000, 0x0000000100000000)
  eden space 282624K, 100% used [0x00000000e0000000,0x00000000f1400000,0x00000000f1400000)
  from space 15872K, 76% used [0x00000000f3280000,0x00000000f3e58ae0,0x00000000f4200000)
  to   space 23552K, 0% used [0x00000000f1400000,0x00000000f1400000,0x00000000f2b00000)
 ParOldGen       total 97792K, used 63895K [0x00000000a0000000, 0x00000000a5f80000, 0x00000000e0000000)
  object space 97792K, 65% used [0x00000000a0000000,0x00000000a3e65ec8,0x00000000a5f80000)
 Metaspace       used 70696K, capacity 74298K, committed 74392K, reserved 1114112K
  class space    used 9664K, capacity 10378K, committed 10408K, reserved 1048576K
Event: 21.350 GC heap after
Heap after GC invocations=18 (full 3):
 PSYoungGen      total 306176K, used 11902K [0x00000000e0000000, 0x00000000f8080000, 0x0000000100000000)
  eden space 282624K, 0% used [0x00000000e0000000,0x00000000e0000000,0x00000000f1400000)
  from space 23552K, 50% used [0x00000000f1400000,0x00000000f1f9fad0,0x00000000f2b00000)
  to   space 22528K, 0% used [0x00000000f6a80000,0x00000000f6a80000,0x00000000f8080000)
 ParOldGen       total 97792K, used 63903K [0x00000000a0000000, 0x00000000a5f80000, 0x00000000e0000000)
  object space 97792K, 65% used [0x00000000a0000000,0x00000000a3e67ec8,0x00000000a5f80000)
 Metaspace       used 70696K, capacity 74298K, committed 74392K, reserved 1114112K
  class space    used 9664K, capacity 10378K, committed 10408K, reserved 1048576K
}
Event: 22.007 GC heap before
{Heap before GC invocations=19 (full 3):
 PSYoungGen      total 306176K, used 294526K [0x00000000e0000000, 0x00000000f8080000, 0x0000000100000000)
  eden space 282624K, 100% used [0x00000000e0000000,0x00000000f1400000,0x00000000f1400000)
  from space 23552K, 50% used [0x00000000f1400000,0x00000000f1f9fad0,0x00000000f2b00000)
  to   space 22528K, 0% used [0x00000000f6a80000,0x00000000f6a80000,0x00000000f8080000)
 ParOldGen       total 97792K, used 63903K [0x00000000a0000000, 0x00000000a5f80000, 0x00000000e0000000)
  object space 97792K, 65% used [0x00000000a0000000,0x00000000a3e67ec8,0x00000000a5f80000)
 Metaspace       used 70986K, capacity 74612K, committed 74776K, reserved 1114112K
  class space    used 9689K, capacity 10423K, committed 10536K, reserved 1048576K
Event: 22.023 GC heap after
Heap after GC invocations=19 (full 3):
 PSYoungGen      total 370176K, used 16840K [0x00000000e0000000, 0x00000000f8400000, 0x0000000100000000)
  eden space 347648K, 0% used [0x00000000e0000000,0x00000000e0000000,0x00000000f5380000)
  from space 22528K, 74% used [0x00000000f6a80000,0x00000000f7af2240,0x00000000f8080000)
  to   space 23552K, 0% used [0x00000000f5380000,0x00000000f5380000,0x00000000f6a80000)
 ParOldGen       total 97792K, used 63911K [0x00000000a0000000, 0x00000000a5f80000, 0x00000000e0000000)
  object space 97792K, 65% used [0x00000000a0000000,0x00000000a3e69ec8,0x00000000a5f80000)
 Metaspace       used 70986K, capacity 74612K, committed 74776K, reserved 1114112K
  class space    used 9689K, capacity 10423K, committed 10536K, reserved 1048576K
}
Event: 23.684 GC heap before
{Heap before GC invocations=20 (full 3):
 PSYoungGen      total 370176K, used 364488K [0x00000000e0000000, 0x00000000f8400000, 0x0000000100000000)
  eden space 347648K, 100% used [0x00000000e0000000,0x00000000f5380000,0x00000000f5380000)
  from space 22528K, 74% used [0x00000000f6a80000,0x00000000f7af2240,0x00000000f8080000)
  to   space 23552K, 0% used [0x00000000f5380000,0x00000000f5380000,0x00000000f6a80000)
 ParOldGen       total 97792K, used 63911K [0x00000000a0000000, 0x00000000a5f80000, 0x00000000e0000000)
  object space 97792K, 65% used [0x00000000a0000000,0x00000000a3e69ec8,0x00000000a5f80000)
 Metaspace       used 71134K, capacity 74762K, committed 75032K, reserved 1114112K
  class space    used 9691K, capacity 10426K, committed 10536K, reserved 1048576K
Event: 23.876 GC heap after
Heap after GC invocations=20 (full 3):
 PSYoungGen      total 371200K, used 20254K [0x00000000e0000000, 0x00000000fd300000, 0x0000000100000000)
  eden space 347648K, 0% used [0x00000000e0000000,0x00000000e0000000,0x00000000f5380000)
  from space 23552K, 85% used [0x00000000f5380000,0x00000000f6747aa8,0x00000000f6a80000)
  to   space 25600K, 0% used [0x00000000fba00000,0x00000000fba00000,0x00000000fd300000)
 ParOldGen       total 97792K, used 63919K [0x00000000a0000000, 0x00000000a5f80000, 0x00000000e0000000)
  object space 97792K, 65% used [0x00000000a0000000,0x00000000a3e6bec8,0x00000000a5f80000)
 Metaspace       used 71134K, capacity 74762K, committed 75032K, reserved 1114112K
  class space    used 9691K, capacity 10426K, committed 10536K, reserved 1048576K
}
Event: 28.840 GC heap before
{Heap before GC invocations=21 (full 3):
 PSYoungGen      total 371200K, used 367902K [0x00000000e0000000, 0x00000000fd300000, 0x0000000100000000)
  eden space 347648K, 100% used [0x00000000e0000000,0x00000000f5380000,0x00000000f5380000)
  from space 23552K, 85% used [0x00000000f5380000,0x00000000f6747aa8,0x00000000f6a80000)
  to   space 25600K, 0% used [0x00000000fba00000,0x00000000fba00000,0x00000000fd300000)
 ParOldGen       total 97792K, used 63919K [0x00000000a0000000, 0x00000000a5f80000, 0x00000000e0000000)
  object space 97792K, 65% used [0x00000000a0000000,0x00000000a3e6bec8,0x00000000a5f80000)
 Metaspace       used 71263K, capacity 74892K, committed 75032K, reserved 1114112K
  class space    used 9692K, capacity 10427K, committed 10536K, reserved 1048576K
Event: 28.884 GC heap after
Heap after GC invocations=21 (full 3):
 PSYoungGen      total 437248K, used 15573K [0x00000000e0000000, 0x00000000fcb80000, 0x0000000100000000)
  eden space 419328K, 0% used [0x00000000e0000000,0x00000000e0000000,0x00000000f9980000)
  from space 17920K, 86% used [0x00000000fba00000,0x00000000fc935548,0x00000000fcb80000)
  to   space 25600K, 0% used [0x00000000f9980000,0x00000000f9980000,0x00000000fb280000)
 ParOldGen       total 97792K, used 73508K [0x00000000a0000000, 0x00000000a5f80000, 0x00000000e0000000)
  object space 97792K, 75% used [0x00000000a0000000,0x00000000a47c91a8,0x00000000a5f80000)
 Metaspace       used 71263K, capacity 74892K, committed 75032K, reserved 1114112K
  class space    used 9692K, capacity 10427K, committed 10536K, reserved 1048576K
}

