# JRE version: OpenJDK Runtime Environment (8.0_202-b03) (build 1.8.0_202-release-1483-b03)
# Java VM: OpenJDK 64-Bit Server VM (25.202-b03 mixed mode windows-amd64 compressed oops)
Heap:
 PSYoungGen      total 373760K, used 249543K [0x00000000e0000000, 0x00000000f8900000, 0x0000000100000000)
  eden space 349696K, 64% used [0x00000000e0000000,0x00000000edc35890,0x00000000f5580000)
  from space 24064K, 99% used [0x00000000f6d00000,0x00000000f847c438,0x00000000f8480000)
  to   space 24064K, 0% used [0x00000000f5580000,0x00000000f5580000,0x00000000f6d00000)
 ParOldGen       total 94208K, used 57768K [0x00000000a0000000, 0x00000000a5c00000, 0x00000000e0000000)
  object space 94208K, 61% used [0x00000000a0000000,0x00000000a386a358,0x00000000a5c00000)
 Metaspace       used 83374K, capacity 87202K, committed 87384K, reserved 1124352K
  class space    used 10870K, capacity 11612K, committed 11648K, reserved 1048576K
GC Heap History (10 events):
Event: 63.470 GC heap before
{Heap before GC invocations=17 (full 3):
 PSYoungGen      total 261120K, used 261097K [0x00000000e0000000, 0x00000000f5280000, 0x0000000100000000)
  eden space 244736K, 100% used [0x00000000e0000000,0x00000000eef00000,0x00000000eef00000)
  from space 16384K, 99% used [0x00000000eef00000,0x00000000efefa4c8,0x00000000eff00000)
  to   space 21504K, 0% used [0x00000000f3d80000,0x00000000f3d80000,0x00000000f5280000)
 ParOldGen       total 94208K, used 38679K [0x00000000a0000000, 0x00000000a5c00000, 0x00000000e0000000)
  object space 94208K, 41% used [0x00000000a0000000,0x00000000a25c5c90,0x00000000a5c00000)
 Metaspace       used 67470K, capacity 69690K, committed 69720K, reserved 1110016K
  class space    used 8803K, capacity 9324K, committed 9344K, reserved 1048576K
Event: 63.496 GC heap after
Heap after GC invocations=17 (full 3):
 PSYoungGen      total 306688K, used 5405K [0x00000000e0000000, 0x00000000f4900000, 0x0000000100000000)
  eden space 294912K, 0% used [0x00000000e0000000,0x00000000e0000000,0x00000000f2000000)
  from space 11776K, 45% used [0x00000000f3d80000,0x00000000f42c7458,0x00000000f4900000)
  to   space 20992K, 0% used [0x00000000f2000000,0x00000000f2000000,0x00000000f3480000)
 ParOldGen       total 94208K, used 53654K [0x00000000a0000000, 0x00000000a5c00000, 0x00000000e0000000)
  object space 94208K, 56% used [0x00000000a0000000,0x00000000a34659e0,0x00000000a5c00000)
 Metaspace       used 67470K, capacity 69690K, committed 69720K, reserved 1110016K
  class space    used 8803K, capacity 9324K, committed 9344K, reserved 1048576K
}
Event: 68.422 GC heap before
{Heap before GC invocations=18 (full 3):
 PSYoungGen      total 306688K, used 300317K [0x00000000e0000000, 0x00000000f4900000, 0x0000000100000000)
  eden space 294912K, 100% used [0x00000000e0000000,0x00000000f2000000,0x00000000f2000000)
  from space 11776K, 45% used [0x00000000f3d80000,0x00000000f42c7458,0x00000000f4900000)
  to   space 20992K, 0% used [0x00000000f2000000,0x00000000f2000000,0x00000000f3480000)
 ParOldGen       total 94208K, used 53654K [0x00000000a0000000, 0x00000000a5c00000, 0x00000000e0000000)
  object space 94208K, 56% used [0x00000000a0000000,0x00000000a34659e0,0x00000000a5c00000)
 Metaspace       used 81983K, capacity 85650K, committed 85848K, reserved 1124352K
  class space    used 10810K, capacity 11534K, committed 11648K, reserved 1048576K
Event: 68.465 GC heap after
Heap after GC invocations=18 (full 3):
 PSYoungGen      total 315904K, used 20556K [0x00000000e0000000, 0x00000000f8480000, 0x0000000100000000)
  eden space 294912K, 0% used [0x00000000e0000000,0x00000000e0000000,0x00000000f2000000)
  from space 20992K, 97% used [0x00000000f2000000,0x00000000f3413170,0x00000000f3480000)
  to   space 24064K, 0% used [0x00000000f6d00000,0x00000000f6d00000,0x00000000f8480000)
 ParOldGen       total 94208K, used 53670K [0x00000000a0000000, 0x00000000a5c00000, 0x00000000e0000000)
  object space 94208K, 56% used [0x00000000a0000000,0x00000000a34699e0,0x00000000a5c00000)
 Metaspace       used 81983K, capacity 85650K, committed 85848K, reserved 1124352K
  class space    used 10810K, capacity 11534K, committed 11648K, reserved 1048576K
}
Event: 69.439 GC heap before
{Heap before GC invocations=19 (full 3):
 PSYoungGen      total 315904K, used 315468K [0x00000000e0000000, 0x00000000f8480000, 0x0000000100000000)
  eden space 294912K, 100% used [0x00000000e0000000,0x00000000f2000000,0x00000000f2000000)
  from space 20992K, 97% used [0x00000000f2000000,0x00000000f3413170,0x00000000f3480000)
  to   space 24064K, 0% used [0x00000000f6d00000,0x00000000f6d00000,0x00000000f8480000)
 ParOldGen       total 94208K, used 53968K [0x00000000a0000000, 0x00000000a5c00000, 0x00000000e0000000)
  object space 94208K, 57% used [0x00000000a0000000,0x00000000a34b4140,0x00000000a5c00000)
 Metaspace       used 82323K, capacity 86058K, committed 86360K, reserved 1124352K
  class space    used 10845K, capacity 11576K, committed 11648K, reserved 1048576K
Event: 69.462 GC heap after
Heap after GC invocations=19 (full 3):
 PSYoungGen      total 373760K, used 14855K [0x00000000e0000000, 0x00000000f8900000, 0x0000000100000000)
  eden space 349696K, 0% used [0x00000000e0000000,0x00000000e0000000,0x00000000f5580000)
  from space 24064K, 61% used [0x00000000f6d00000,0x00000000f7b81c90,0x00000000f8480000)
  to   space 24064K, 0% used [0x00000000f5580000,0x00000000f5580000,0x00000000f6d00000)
 ParOldGen       total 94208K, used 53976K [0x00000000a0000000, 0x00000000a5c00000, 0x00000000e0000000)
  object space 94208K, 57% used [0x00000000a0000000,0x00000000a34b6140,0x00000000a5c00000)
 Metaspace       used 82323K, capacity 86058K, committed 86360K, reserved 1124352K
  class space    used 10845K, capacity 11576K, committed 11648K, reserved 1048576K
}
Event: 73.726 GC heap before
{Heap before GC invocations=20 (full 3):
 PSYoungGen      total 373760K, used 364551K [0x00000000e0000000, 0x00000000f8900000, 0x0000000100000000)
  eden space 349696K, 100% used [0x00000000e0000000,0x00000000f5580000,0x00000000f5580000)
  from space 24064K, 61% used [0x00000000f6d00000,0x00000000f7b81c90,0x00000000f8480000)
  to   space 24064K, 0% used [0x00000000f5580000,0x00000000f5580000,0x00000000f6d00000)
 ParOldGen       total 94208K, used 53978K [0x00000000a0000000, 0x00000000a5c00000, 0x00000000e0000000)
  object space 94208K, 57% used [0x00000000a0000000,0x00000000a34b6ba0,0x00000000a5c00000)
 Metaspace       used 83053K, capacity 86832K, committed 86872K, reserved 1124352K
  class space    used 10860K, capacity 11611K, committed 11648K, reserved 1048576K
Event: 74.000 GC heap after
Heap after GC invocations=20 (full 3):
 PSYoungGen      total 373760K, used 21806K [0x00000000e0000000, 0x00000000f8900000, 0x0000000100000000)
  eden space 349696K, 0% used [0x00000000e0000000,0x00000000e0000000,0x00000000f5580000)
  from space 24064K, 90% used [0x00000000f5580000,0x00000000f6acbb58,0x00000000f6d00000)
  to   space 24064K, 0% used [0x00000000f6d00000,0x00000000f6d00000,0x00000000f8480000)
 ParOldGen       total 94208K, used 53986K [0x00000000a0000000, 0x00000000a5c00000, 0x00000000e0000000)
  object space 94208K, 57% used [0x00000000a0000000,0x00000000a34b8ba0,0x00000000a5c00000)
 Metaspace       used 83053K, capacity 86832K, committed 86872K, reserved 1124352K
  class space    used 10860K, capacity 11611K, committed 11648K, reserved 1048576K
}
Event: 75.659 GC heap before
{Heap before GC invocations=21 (full 3):
 PSYoungGen      total 373760K, used 371502K [0x00000000e0000000, 0x00000000f8900000, 0x0000000100000000)
  eden space 349696K, 100% used [0x00000000e0000000,0x00000000f5580000,0x00000000f5580000)
  from space 24064K, 90% used [0x00000000f5580000,0x00000000f6acbb58,0x00000000f6d00000)
  to   space 24064K, 0% used [0x00000000f6d00000,0x00000000f6d00000,0x00000000f8480000)
 ParOldGen       total 94208K, used 53986K [0x00000000a0000000, 0x00000000a5c00000, 0x00000000e0000000)
  object space 94208K, 57% used [0x00000000a0000000,0x00000000a34b8ba0,0x00000000a5c00000)
 Metaspace       used 83290K, capacity 87068K, committed 87128K, reserved 1124352K
  class space    used 10860K, capacity 11611K, committed 11648K, reserved 1048576K
Event: 75.711 GC heap after
Heap after GC invocations=21 (full 3):
 PSYoungGen      total 373760K, used 24049K [0x00000000e0000000, 0x00000000f8900000, 0x0000000100000000)
  eden space 349696K, 0% used [0x00000000e0000000,0x00000000e0000000,0x00000000f5580000)
  from space 24064K, 99% used [0x00000000f6d00000,0x00000000f847c438,0x00000000f8480000)
  to   space 24064K, 0% used [0x00000000f5580000,0x00000000f5580000,0x00000000f6d00000)
 ParOldGen       total 94208K, used 57768K [0x00000000a0000000, 0x00000000a5c00000, 0x00000000e0000000)
  object space 94208K, 61% used [0x00000000a0000000,0x00000000a386a358,0x00000000a5c00000)
 Metaspace       used 83290K, capacity 87068K, committed 87128K, reserved 1124352K
  class space    used 10860K, capacity 11611K, committed 11648K, reserved 1048576K
}

