# JRE version: OpenJDK Runtime Environment (8.0_202-b03) (build 1.8.0_202-release-1483-b03)
# Java VM: OpenJDK 64-Bit Server VM (25.202-b03 mixed mode windows-amd64 compressed oops)
Heap:
 PSYoungGen      total 239616K, used 53885K [0x00000000e0000000, 0x00000000f1b80000, 0x0000000100000000)
  eden space 221184K, 16% used [0x00000000e0000000,0x00000000e230f2f8,0x00000000ed800000)
  from space 18432K, 99% used [0x00000000ef400000,0x00000000f05fa268,0x00000000f0600000)
  to   space 28672K, 0% used [0x00000000ed800000,0x00000000ed800000,0x00000000ef400000)
 ParOldGen       total 111616K, used 55374K [0x00000000a0000000, 0x00000000a6d00000, 0x00000000e0000000)
  object space 111616K, 49% used [0x00000000a0000000,0x00000000a3613920,0x00000000a6d00000)
 Metaspace       used 74401K, capacity 77552K, committed 77720K, reserved 1116160K
  class space    used 10230K, capacity 10861K, committed 10920K, reserved 1048576K
GC Heap History (10 events):
Event: 6.179 GC heap before
{Heap before GC invocations=13 (full 2):
 PSYoungGen      total 158720K, used 146944K [0x00000000e0000000, 0x00000000eb480000, 0x0000000100000000)
  eden space 146944K, 100% used [0x00000000e0000000,0x00000000e8f80000,0x00000000e8f80000)
  from space 11776K, 0% used [0x00000000e9b00000,0x00000000e9b00000,0x00000000ea680000)
  to   space 11776K, 0% used [0x00000000e8f80000,0x00000000e8f80000,0x00000000e9b00000)
 ParOldGen       total 69632K, used 15500K [0x00000000a0000000, 0x00000000a4400000, 0x00000000e0000000)
  object space 69632K, 22% used [0x00000000a0000000,0x00000000a0f230e0,0x00000000a4400000)
 Metaspace       used 48951K, capacity 50198K, committed 50216K, reserved 1093632K
  class space    used 6621K, capacity 6944K, committed 6952K, reserved 1048576K
Event: 6.200 GC heap after
Heap after GC invocations=13 (full 2):
 PSYoungGen      total 158720K, used 11751K [0x00000000e0000000, 0x00000000edb00000, 0x0000000100000000)
  eden space 146944K, 0% used [0x00000000e0000000,0x00000000e0000000,0x00000000e8f80000)
  from space 11776K, 99% used [0x00000000e8f80000,0x00000000e9af9d00,0x00000000e9b00000)
  to   space 15360K, 0% used [0x00000000ecc00000,0x00000000ecc00000,0x00000000edb00000)
 ParOldGen       total 69632K, used 22555K [0x00000000a0000000, 0x00000000a4400000, 0x00000000e0000000)
  object space 69632K, 32% used [0x00000000a0000000,0x00000000a1606ce0,0x00000000a4400000)
 Metaspace       used 48951K, capacity 50198K, committed 50216K, reserved 1093632K
  class space    used 6621K, capacity 6944K, committed 6952K, reserved 1048576K
}
Event: 7.449 GC heap before
{Heap before GC invocations=14 (full 2):
 PSYoungGen      total 158720K, used 125297K [0x00000000e0000000, 0x00000000edb00000, 0x0000000100000000)
  eden space 146944K, 77% used [0x00000000e0000000,0x00000000e6ee2938,0x00000000e8f80000)
  from space 11776K, 99% used [0x00000000e8f80000,0x00000000e9af9d00,0x00000000e9b00000)
  to   space 15360K, 0% used [0x00000000ecc00000,0x00000000ecc00000,0x00000000edb00000)
 ParOldGen       total 69632K, used 22555K [0x00000000a0000000, 0x00000000a4400000, 0x00000000e0000000)
  object space 69632K, 32% used [0x00000000a0000000,0x00000000a1606ce0,0x00000000a4400000)
 Metaspace       used 57537K, capacity 59098K, committed 59160K, reserved 1099776K
  class space    used 7822K, capacity 8228K, committed 8232K, reserved 1048576K
Event: 7.469 GC heap after
Heap after GC invocations=14 (full 2):
 PSYoungGen      total 205824K, used 12060K [0x00000000e0000000, 0x00000000eda80000, 0x0000000100000000)
  eden space 190976K, 0% used [0x00000000e0000000,0x00000000e0000000,0x00000000eba80000)
  from space 14848K, 81% used [0x00000000ecc00000,0x00000000ed7c7190,0x00000000eda80000)
  to   space 16384K, 0% used [0x00000000eba80000,0x00000000eba80000,0x00000000eca80000)
 ParOldGen       total 69632K, used 31180K [0x00000000a0000000, 0x00000000a4400000, 0x00000000e0000000)
  object space 69632K, 44% used [0x00000000a0000000,0x00000000a1e73318,0x00000000a4400000)
 Metaspace       used 57537K, capacity 59098K, committed 59160K, reserved 1099776K
  class space    used 7822K, capacity 8228K, committed 8232K, reserved 1048576K
}
Event: 7.469 GC heap before
{Heap before GC invocations=15 (full 3):
 PSYoungGen      total 205824K, used 12060K [0x00000000e0000000, 0x00000000eda80000, 0x0000000100000000)
  eden space 190976K, 0% used [0x00000000e0000000,0x00000000e0000000,0x00000000eba80000)
  from space 14848K, 81% used [0x00000000ecc00000,0x00000000ed7c7190,0x00000000eda80000)
  to   space 16384K, 0% used [0x00000000eba80000,0x00000000eba80000,0x00000000eca80000)
 ParOldGen       total 69632K, used 31180K [0x00000000a0000000, 0x00000000a4400000, 0x00000000e0000000)
  object space 69632K, 44% used [0x00000000a0000000,0x00000000a1e73318,0x00000000a4400000)
 Metaspace       used 57537K, capacity 59098K, committed 59160K, reserved 1099776K
  class space    used 7822K, capacity 8228K, committed 8232K, reserved 1048576K
Event: 7.667 GC heap after
Heap after GC invocations=15 (full 3):
 PSYoungGen      total 205824K, used 0K [0x00000000e0000000, 0x00000000eda80000, 0x0000000100000000)
  eden space 190976K, 0% used [0x00000000e0000000,0x00000000e0000000,0x00000000eba80000)
  from space 14848K, 0% used [0x00000000ecc00000,0x00000000ecc00000,0x00000000eda80000)
  to   space 16384K, 0% used [0x00000000eba80000,0x00000000eba80000,0x00000000eca80000)
 ParOldGen       total 111616K, used 34424K [0x00000000a0000000, 0x00000000a6d00000, 0x00000000e0000000)
  object space 111616K, 30% used [0x00000000a0000000,0x00000000a219e2e0,0x00000000a6d00000)
 Metaspace       used 57537K, capacity 59098K, committed 59160K, reserved 1099776K
  class space    used 7822K, capacity 8228K, committed 8232K, reserved 1048576K
}
Event: 9.938 GC heap before
{Heap before GC invocations=16 (full 3):
 PSYoungGen      total 205824K, used 190976K [0x00000000e0000000, 0x00000000eda80000, 0x0000000100000000)
  eden space 190976K, 100% used [0x00000000e0000000,0x00000000eba80000,0x00000000eba80000)
  from space 14848K, 0% used [0x00000000ecc00000,0x00000000ecc00000,0x00000000eda80000)
  to   space 16384K, 0% used [0x00000000eba80000,0x00000000eba80000,0x00000000eca80000)
 ParOldGen       total 111616K, used 34424K [0x00000000a0000000, 0x00000000a6d00000, 0x00000000e0000000)
  object space 111616K, 30% used [0x00000000a0000000,0x00000000a219e2e0,0x00000000a6d00000)
 Metaspace       used 65889K, capacity 68292K, committed 68376K, reserved 1107968K
  class space    used 8934K, capacity 9451K, committed 9512K, reserved 1048576K
Event: 9.972 GC heap after
Heap after GC invocations=16 (full 3):
 PSYoungGen      total 207360K, used 15741K [0x00000000e0000000, 0x00000000f0600000, 0x0000000100000000)
  eden space 190976K, 0% used [0x00000000e0000000,0x00000000e0000000,0x00000000eba80000)
  from space 16384K, 96% used [0x00000000eba80000,0x00000000ec9df6a0,0x00000000eca80000)
  to   space 18432K, 0% used [0x00000000ef400000,0x00000000ef400000,0x00000000f0600000)
 ParOldGen       total 111616K, used 34432K [0x00000000a0000000, 0x00000000a6d00000, 0x00000000e0000000)
  object space 111616K, 30% used [0x00000000a0000000,0x00000000a21a02e0,0x00000000a6d00000)
 Metaspace       used 65889K, capacity 68292K, committed 68376K, reserved 1107968K
  class space    used 8934K, capacity 9451K, committed 9512K, reserved 1048576K
}
Event: 11.695 GC heap before
{Heap before GC invocations=17 (full 3):
 PSYoungGen      total 207360K, used 206717K [0x00000000e0000000, 0x00000000f0600000, 0x0000000100000000)
  eden space 190976K, 100% used [0x00000000e0000000,0x00000000eba80000,0x00000000eba80000)
  from space 16384K, 96% used [0x00000000eba80000,0x00000000ec9df6a0,0x00000000eca80000)
  to   space 18432K, 0% used [0x00000000ef400000,0x00000000ef400000,0x00000000f0600000)
 ParOldGen       total 111616K, used 34432K [0x00000000a0000000, 0x00000000a6d00000, 0x00000000e0000000)
  object space 111616K, 30% used [0x00000000a0000000,0x00000000a21a02e0,0x00000000a6d00000)
 Metaspace       used 74263K, capacity 77488K, committed 77720K, reserved 1116160K
  class space    used 10225K, capacity 10861K, committed 10920K, reserved 1048576K
Event: 11.739 GC heap after
Heap after GC invocations=17 (full 3):
 PSYoungGen      total 239616K, used 18408K [0x00000000e0000000, 0x00000000f1b80000, 0x0000000100000000)
  eden space 221184K, 0% used [0x00000000e0000000,0x00000000e0000000,0x00000000ed800000)
  from space 18432K, 99% used [0x00000000ef400000,0x00000000f05fa268,0x00000000f0600000)
  to   space 28672K, 0% used [0x00000000ed800000,0x00000000ed800000,0x00000000ef400000)
 ParOldGen       total 111616K, used 55374K [0x00000000a0000000, 0x00000000a6d00000, 0x00000000e0000000)
  object space 111616K, 49% used [0x00000000a0000000,0x00000000a3613920,0x00000000a6d00000)
 Metaspace       used 74263K, capacity 77488K, committed 77720K, reserved 1116160K
  class space    used 10225K, capacity 10861K, committed 10920K, reserved 1048576K
}

