# JRE version: OpenJDK Runtime Environment (8.0_202-b03) (build 1.8.0_202-release-1483-b03)
# Java VM: OpenJDK 64-Bit Server VM (25.202-b03 mixed mode windows-amd64 compressed oops)
Heap:
 PSYoungGen      total 210432K, used 31507K [0x00000000e0000000, 0x00000000edd80000, 0x0000000100000000)
  eden space 194048K, 7% used [0x00000000e0000000,0x00000000e0ecc0b8,0x00000000ebd80000)
  from space 16384K, 99% used [0x00000000ebd80000,0x00000000ecd78eb8,0x00000000ecd80000)
  to   space 14336K, 0% used [0x00000000ecf80000,0x00000000ecf80000,0x00000000edd80000)
 ParOldGen       total 110592K, used 37146K [0x00000000a0000000, 0x00000000a6c00000, 0x00000000e0000000)
  object space 110592K, 33% used [0x00000000a0000000,0x00000000a24468c0,0x00000000a6c00000)
 Metaspace       used 62063K, capacity 64370K, committed 64536K, reserved 1105920K
  class space    used 8407K, capacity 8898K, committed 9000K, reserved 1048576K
GC Heap History (10 events):
Event: 5.032 GC heap before
{Heap before GC invocations=12 (full 2):
 PSYoungGen      total 161792K, used 5538K [0x00000000e0000000, 0x00000000eb680000, 0x0000000100000000)
  eden space 150016K, 0% used [0x00000000e0000000,0x00000000e0000000,0x00000000e9280000)
  from space 11776K, 47% used [0x00000000e9e00000,0x00000000ea368b18,0x00000000ea980000)
  to   space 11776K, 0% used [0x00000000e9280000,0x00000000e9280000,0x00000000e9e00000)
 ParOldGen       total 47616K, used 13246K [0x00000000a0000000, 0x00000000a2e80000, 0x00000000e0000000)
  object space 47616K, 27% used [0x00000000a0000000,0x00000000a0cefb20,0x00000000a2e80000)
 Metaspace       used 34703K, capacity 35434K, committed 35496K, reserved 1079296K
  class space    used 4789K, capacity 5008K, committed 5032K, reserved 1048576K
Event: 5.106 GC heap after
Heap after GC invocations=12 (full 2):
 PSYoungGen      total 161792K, used 0K [0x00000000e0000000, 0x00000000eb680000, 0x0000000100000000)
  eden space 150016K, 0% used [0x00000000e0000000,0x00000000e0000000,0x00000000e9280000)
  from space 11776K, 0% used [0x00000000e9e00000,0x00000000e9e00000,0x00000000ea980000)
  to   space 11776K, 0% used [0x00000000e9280000,0x00000000e9280000,0x00000000e9e00000)
 ParOldGen       total 69120K, used 15392K [0x00000000a0000000, 0x00000000a4380000, 0x00000000e0000000)
  object space 69120K, 22% used [0x00000000a0000000,0x00000000a0f080e8,0x00000000a4380000)
 Metaspace       used 34678K, capacity 35350K, committed 35496K, reserved 1079296K
  class space    used 4782K, capacity 4994K, committed 5032K, reserved 1048576K
}
Event: 6.600 GC heap before
{Heap before GC invocations=13 (full 2):
 PSYoungGen      total 161792K, used 150016K [0x00000000e0000000, 0x00000000eb680000, 0x0000000100000000)
  eden space 150016K, 100% used [0x00000000e0000000,0x00000000e9280000,0x00000000e9280000)
  from space 11776K, 0% used [0x00000000e9e00000,0x00000000e9e00000,0x00000000ea980000)
  to   space 11776K, 0% used [0x00000000e9280000,0x00000000e9280000,0x00000000e9e00000)
 ParOldGen       total 69120K, used 15392K [0x00000000a0000000, 0x00000000a4380000, 0x00000000e0000000)
  object space 69120K, 22% used [0x00000000a0000000,0x00000000a0f080e8,0x00000000a4380000)
 Metaspace       used 49176K, capacity 50454K, committed 50600K, reserved 1093632K
  class space    used 6652K, capacity 7008K, committed 7080K, reserved 1048576K
Event: 6.620 GC heap after
Heap after GC invocations=13 (full 2):
 PSYoungGen      total 161792K, used 11756K [0x00000000e0000000, 0x00000000edf00000, 0x0000000100000000)
  eden space 150016K, 0% used [0x00000000e0000000,0x00000000e0000000,0x00000000e9280000)
  from space 11776K, 99% used [0x00000000e9280000,0x00000000e9dfb1c8,0x00000000e9e00000)
  to   space 15872K, 0% used [0x00000000ecf80000,0x00000000ecf80000,0x00000000edf00000)
 ParOldGen       total 69120K, used 22648K [0x00000000a0000000, 0x00000000a4380000, 0x00000000e0000000)
  object space 69120K, 32% used [0x00000000a0000000,0x00000000a161e3c0,0x00000000a4380000)
 Metaspace       used 49176K, capacity 50454K, committed 50600K, reserved 1093632K
  class space    used 6652K, capacity 7008K, committed 7080K, reserved 1048576K
}
Event: 7.881 GC heap before
{Heap before GC invocations=14 (full 2):
 PSYoungGen      total 161792K, used 122018K [0x00000000e0000000, 0x00000000edf00000, 0x0000000100000000)
  eden space 150016K, 73% used [0x00000000e0000000,0x00000000e6bad988,0x00000000e9280000)
  from space 11776K, 99% used [0x00000000e9280000,0x00000000e9dfb1c8,0x00000000e9e00000)
  to   space 15872K, 0% used [0x00000000ecf80000,0x00000000ecf80000,0x00000000edf00000)
 ParOldGen       total 69120K, used 22648K [0x00000000a0000000, 0x00000000a4380000, 0x00000000e0000000)
  object space 69120K, 32% used [0x00000000a0000000,0x00000000a161e3c0,0x00000000a4380000)
 Metaspace       used 57547K, capacity 59106K, committed 59160K, reserved 1099776K
  class space    used 7826K, capacity 8228K, committed 8232K, reserved 1048576K
Event: 7.899 GC heap after
Heap after GC invocations=14 (full 2):
 PSYoungGen      total 208384K, used 11890K [0x00000000e0000000, 0x00000000edd80000, 0x0000000100000000)
  eden space 194048K, 0% used [0x00000000e0000000,0x00000000e0000000,0x00000000ebd80000)
  from space 14336K, 82% used [0x00000000ecf80000,0x00000000edb1c8b0,0x00000000edd80000)
  to   space 16384K, 0% used [0x00000000ebd80000,0x00000000ebd80000,0x00000000ecd80000)
 ParOldGen       total 69120K, used 31335K [0x00000000a0000000, 0x00000000a4380000, 0x00000000e0000000)
  object space 69120K, 45% used [0x00000000a0000000,0x00000000a1e99de0,0x00000000a4380000)
 Metaspace       used 57547K, capacity 59106K, committed 59160K, reserved 1099776K
  class space    used 7826K, capacity 8228K, committed 8232K, reserved 1048576K
}
Event: 7.899 GC heap before
{Heap before GC invocations=15 (full 3):
 PSYoungGen      total 208384K, used 11890K [0x00000000e0000000, 0x00000000edd80000, 0x0000000100000000)
  eden space 194048K, 0% used [0x00000000e0000000,0x00000000e0000000,0x00000000ebd80000)
  from space 14336K, 82% used [0x00000000ecf80000,0x00000000edb1c8b0,0x00000000edd80000)
  to   space 16384K, 0% used [0x00000000ebd80000,0x00000000ebd80000,0x00000000ecd80000)
 ParOldGen       total 69120K, used 31335K [0x00000000a0000000, 0x00000000a4380000, 0x00000000e0000000)
  object space 69120K, 45% used [0x00000000a0000000,0x00000000a1e99de0,0x00000000a4380000)
 Metaspace       used 57547K, capacity 59106K, committed 59160K, reserved 1099776K
  class space    used 7826K, capacity 8228K, committed 8232K, reserved 1048576K
Event: 8.091 GC heap after
Heap after GC invocations=15 (full 3):
 PSYoungGen      total 208384K, used 0K [0x00000000e0000000, 0x00000000edd80000, 0x0000000100000000)
  eden space 194048K, 0% used [0x00000000e0000000,0x00000000e0000000,0x00000000ebd80000)
  from space 14336K, 0% used [0x00000000ecf80000,0x00000000ecf80000,0x00000000edd80000)
  to   space 16384K, 0% used [0x00000000ebd80000,0x00000000ebd80000,0x00000000ecd80000)
 ParOldGen       total 110592K, used 34278K [0x00000000a0000000, 0x00000000a6c00000, 0x00000000e0000000)
  object space 110592K, 30% used [0x00000000a0000000,0x00000000a2179978,0x00000000a6c00000)
 Metaspace       used 57547K, capacity 59106K, committed 59160K, reserved 1099776K
  class space    used 7826K, capacity 8228K, committed 8232K, reserved 1048576K
}
Event: 10.873 GC heap before
{Heap before GC invocations=16 (full 3):
 PSYoungGen      total 208384K, used 194048K [0x00000000e0000000, 0x00000000edd80000, 0x0000000100000000)
  eden space 194048K, 100% used [0x00000000e0000000,0x00000000ebd80000,0x00000000ebd80000)
  from space 14336K, 0% used [0x00000000ecf80000,0x00000000ecf80000,0x00000000edd80000)
  to   space 16384K, 0% used [0x00000000ebd80000,0x00000000ebd80000,0x00000000ecd80000)
 ParOldGen       total 110592K, used 34278K [0x00000000a0000000, 0x00000000a6c00000, 0x00000000e0000000)
  object space 110592K, 30% used [0x00000000a0000000,0x00000000a2179978,0x00000000a6c00000)
 Metaspace       used 62040K, capacity 64358K, committed 64536K, reserved 1105920K
  class space    used 8406K, capacity 8896K, committed 9000K, reserved 1048576K
Event: 10.896 GC heap after
Heap after GC invocations=16 (full 3):
 PSYoungGen      total 210432K, used 16355K [0x00000000e0000000, 0x00000000edd80000, 0x0000000100000000)
  eden space 194048K, 0% used [0x00000000e0000000,0x00000000e0000000,0x00000000ebd80000)
  from space 16384K, 99% used [0x00000000ebd80000,0x00000000ecd78eb8,0x00000000ecd80000)
  to   space 14336K, 0% used [0x00000000ecf80000,0x00000000ecf80000,0x00000000edd80000)
 ParOldGen       total 110592K, used 37146K [0x00000000a0000000, 0x00000000a6c00000, 0x00000000e0000000)
  object space 110592K, 33% used [0x00000000a0000000,0x00000000a24468c0,0x00000000a6c00000)
 Metaspace       used 62040K, capacity 64358K, committed 64536K, reserved 1105920K
  class space    used 8406K, capacity 8896K, committed 9000K, reserved 1048576K
}

