# JRE version: OpenJDK Runtime Environment (8.0_202-b03) (build 1.8.0_202-release-1483-b03)
# Java VM: OpenJDK 64-Bit Server VM (25.202-b03 mixed mode windows-amd64 compressed oops)
Heap:
 PSYoungGen      total 211968K, used 32698K [0x00000000e0000000, 0x00000000edf00000, 0x0000000100000000)
  eden space 195584K, 8% used [0x00000000e0000000,0x00000000e0ff5028,0x00000000ebf00000)
  from space 16384K, 99% used [0x00000000ebf00000,0x00000000ecef9848,0x00000000ecf00000)
  to   space 15360K, 0% used [0x00000000ed000000,0x00000000ed000000,0x00000000edf00000)
 ParOldGen       total 109568K, used 37316K [0x00000000a0000000, 0x00000000a6b00000, 0x00000000e0000000)
  object space 109568K, 34% used [0x00000000a0000000,0x00000000a24710c0,0x00000000a6b00000)
 Metaspace       used 61996K, capacity 64242K, committed 64408K, reserved 1105920K
  class space    used 8385K, capacity 8850K, committed 8872K, reserved 1048576K
GC Heap History (10 events):
Event: 4.466 GC heap before
{Heap before GC invocations=12 (full 2):
 PSYoungGen      total 159232K, used 5506K [0x00000000e0000000, 0x00000000eb580000, 0x0000000100000000)
  eden space 147456K, 0% used [0x00000000e0000000,0x00000000e0000000,0x00000000e9000000)
  from space 11776K, 46% used [0x00000000e9b80000,0x00000000ea0e0b18,0x00000000ea700000)
  to   space 11776K, 0% used [0x00000000e9000000,0x00000000e9000000,0x00000000e9b80000)
 ParOldGen       total 46080K, used 11268K [0x00000000a0000000, 0x00000000a2d00000, 0x00000000e0000000)
  object space 46080K, 24% used [0x00000000a0000000,0x00000000a0b01030,0x00000000a2d00000)
 Metaspace       used 34683K, capacity 35428K, committed 35496K, reserved 1079296K
  class space    used 4789K, capacity 5007K, committed 5032K, reserved 1048576K
Event: 4.517 GC heap after
Heap after GC invocations=12 (full 2):
 PSYoungGen      total 159232K, used 0K [0x00000000e0000000, 0x00000000eb580000, 0x0000000100000000)
  eden space 147456K, 0% used [0x00000000e0000000,0x00000000e0000000,0x00000000e9000000)
  from space 11776K, 0% used [0x00000000e9b80000,0x00000000e9b80000,0x00000000ea700000)
  to   space 11776K, 0% used [0x00000000e9000000,0x00000000e9000000,0x00000000e9b80000)
 ParOldGen       total 68608K, used 15449K [0x00000000a0000000, 0x00000000a4300000, 0x00000000e0000000)
  object space 68608K, 22% used [0x00000000a0000000,0x00000000a0f164a0,0x00000000a4300000)
 Metaspace       used 34660K, capacity 35350K, committed 35496K, reserved 1079296K
  class space    used 4782K, capacity 4994K, committed 5032K, reserved 1048576K
}
Event: 5.832 GC heap before
{Heap before GC invocations=13 (full 2):
 PSYoungGen      total 159232K, used 147456K [0x00000000e0000000, 0x00000000eb580000, 0x0000000100000000)
  eden space 147456K, 100% used [0x00000000e0000000,0x00000000e9000000,0x00000000e9000000)
  from space 11776K, 0% used [0x00000000e9b80000,0x00000000e9b80000,0x00000000ea700000)
  to   space 11776K, 0% used [0x00000000e9000000,0x00000000e9000000,0x00000000e9b80000)
 ParOldGen       total 68608K, used 15449K [0x00000000a0000000, 0x00000000a4300000, 0x00000000e0000000)
  object space 68608K, 22% used [0x00000000a0000000,0x00000000a0f164a0,0x00000000a4300000)
 Metaspace       used 48923K, capacity 50166K, committed 50344K, reserved 1093632K
  class space    used 6621K, capacity 6976K, committed 7080K, reserved 1048576K
Event: 5.851 GC heap after
Heap after GC invocations=13 (full 2):
 PSYoungGen      total 159232K, used 11762K [0x00000000e0000000, 0x00000000edf80000, 0x0000000100000000)
  eden space 147456K, 0% used [0x00000000e0000000,0x00000000e0000000,0x00000000e9000000)
  from space 11776K, 99% used [0x00000000e9000000,0x00000000e9b7c8b0,0x00000000e9b80000)
  to   space 15872K, 0% used [0x00000000ed000000,0x00000000ed000000,0x00000000edf80000)
 ParOldGen       total 68608K, used 22377K [0x00000000a0000000, 0x00000000a4300000, 0x00000000e0000000)
  object space 68608K, 32% used [0x00000000a0000000,0x00000000a15da5c8,0x00000000a4300000)
 Metaspace       used 48923K, capacity 50166K, committed 50344K, reserved 1093632K
  class space    used 6621K, capacity 6976K, committed 7080K, reserved 1048576K
}
Event: 7.238 GC heap before
{Heap before GC invocations=14 (full 2):
 PSYoungGen      total 159232K, used 122608K [0x00000000e0000000, 0x00000000edf80000, 0x0000000100000000)
  eden space 147456K, 75% used [0x00000000e0000000,0x00000000e6c3f7d0,0x00000000e9000000)
  from space 11776K, 99% used [0x00000000e9000000,0x00000000e9b7c8b0,0x00000000e9b80000)
  to   space 15872K, 0% used [0x00000000ed000000,0x00000000ed000000,0x00000000edf80000)
 ParOldGen       total 68608K, used 22377K [0x00000000a0000000, 0x00000000a4300000, 0x00000000e0000000)
  object space 68608K, 32% used [0x00000000a0000000,0x00000000a15da5c8,0x00000000a4300000)
 Metaspace       used 57533K, capacity 59098K, committed 59160K, reserved 1099776K
  class space    used 7826K, capacity 8228K, committed 8232K, reserved 1048576K
Event: 7.263 GC heap after
Heap after GC invocations=14 (full 2):
 PSYoungGen      total 210944K, used 12235K [0x00000000e0000000, 0x00000000edf00000, 0x0000000100000000)
  eden space 195584K, 0% used [0x00000000e0000000,0x00000000e0000000,0x00000000ebf00000)
  from space 15360K, 79% used [0x00000000ed000000,0x00000000edbf2c08,0x00000000edf00000)
  to   space 16384K, 0% used [0x00000000ebf00000,0x00000000ebf00000,0x00000000ecf00000)
 ParOldGen       total 68608K, used 31024K [0x00000000a0000000, 0x00000000a4300000, 0x00000000e0000000)
  object space 68608K, 45% used [0x00000000a0000000,0x00000000a1e4c090,0x00000000a4300000)
 Metaspace       used 57533K, capacity 59098K, committed 59160K, reserved 1099776K
  class space    used 7826K, capacity 8228K, committed 8232K, reserved 1048576K
}
Event: 7.263 GC heap before
{Heap before GC invocations=15 (full 3):
 PSYoungGen      total 210944K, used 12235K [0x00000000e0000000, 0x00000000edf00000, 0x0000000100000000)
  eden space 195584K, 0% used [0x00000000e0000000,0x00000000e0000000,0x00000000ebf00000)
  from space 15360K, 79% used [0x00000000ed000000,0x00000000edbf2c08,0x00000000edf00000)
  to   space 16384K, 0% used [0x00000000ebf00000,0x00000000ebf00000,0x00000000ecf00000)
 ParOldGen       total 68608K, used 31024K [0x00000000a0000000, 0x00000000a4300000, 0x00000000e0000000)
  object space 68608K, 45% used [0x00000000a0000000,0x00000000a1e4c090,0x00000000a4300000)
 Metaspace       used 57533K, capacity 59098K, committed 59160K, reserved 1099776K
  class space    used 7826K, capacity 8228K, committed 8232K, reserved 1048576K
Event: 7.466 GC heap after
Heap after GC invocations=15 (full 3):
 PSYoungGen      total 210944K, used 0K [0x00000000e0000000, 0x00000000edf00000, 0x0000000100000000)
  eden space 195584K, 0% used [0x00000000e0000000,0x00000000e0000000,0x00000000ebf00000)
  from space 15360K, 0% used [0x00000000ed000000,0x00000000ed000000,0x00000000edf00000)
  to   space 16384K, 0% used [0x00000000ebf00000,0x00000000ebf00000,0x00000000ecf00000)
 ParOldGen       total 109568K, used 34531K [0x00000000a0000000, 0x00000000a6b00000, 0x00000000e0000000)
  object space 109568K, 31% used [0x00000000a0000000,0x00000000a21b8dd0,0x00000000a6b00000)
 Metaspace       used 57533K, capacity 59098K, committed 59160K, reserved 1099776K
  class space    used 7826K, capacity 8228K, committed 8232K, reserved 1048576K
}
Event: 10.420 GC heap before
{Heap before GC invocations=16 (full 3):
 PSYoungGen      total 210944K, used 195584K [0x00000000e0000000, 0x00000000edf00000, 0x0000000100000000)
  eden space 195584K, 100% used [0x00000000e0000000,0x00000000ebf00000,0x00000000ebf00000)
  from space 15360K, 0% used [0x00000000ed000000,0x00000000ed000000,0x00000000edf00000)
  to   space 16384K, 0% used [0x00000000ebf00000,0x00000000ebf00000,0x00000000ecf00000)
 ParOldGen       total 109568K, used 34531K [0x00000000a0000000, 0x00000000a6b00000, 0x00000000e0000000)
  object space 109568K, 31% used [0x00000000a0000000,0x00000000a21b8dd0,0x00000000a6b00000)
 Metaspace       used 61940K, capacity 64172K, committed 64408K, reserved 1105920K
  class space    used 8379K, capacity 8849K, committed 8872K, reserved 1048576K
Event: 10.449 GC heap after
Heap after GC invocations=16 (full 3):
 PSYoungGen      total 211968K, used 16358K [0x00000000e0000000, 0x00000000edf00000, 0x0000000100000000)
  eden space 195584K, 0% used [0x00000000e0000000,0x00000000e0000000,0x00000000ebf00000)
  from space 16384K, 99% used [0x00000000ebf00000,0x00000000ecef9848,0x00000000ecf00000)
  to   space 15360K, 0% used [0x00000000ed000000,0x00000000ed000000,0x00000000edf00000)
 ParOldGen       total 109568K, used 37316K [0x00000000a0000000, 0x00000000a6b00000, 0x00000000e0000000)
  object space 109568K, 34% used [0x00000000a0000000,0x00000000a24710c0,0x00000000a6b00000)
 Metaspace       used 61940K, capacity 64172K, committed 64408K, reserved 1105920K
  class space    used 8379K, capacity 8849K, committed 8872K, reserved 1048576K
}

